2026-06-16 16:37:34 [INFO] Beginning database ingestion on 56 files...
2026-06-16 16:37:34 [INFO] Processing: match_0a97949f-d713-4e7c-bd6e-9f506a1794b4.pdf
2026-06-16 16:37:34 [INFO] Successfully ingested match metadata and 23 player records from match_0a97949f-d713-4e7c-bd6e-9f506a1794b4.pdf.
2026-06-16 16:37:34 [INFO] Processing: match_0d45f270-d458-497d-ab93-3e301d17949d.pdf
2026-06-16 16:37:34 [INFO] Successfully ingested match metadata and 24 player records from match_0d45f270-d458-497d-ab93-3e301d17949d.pdf.
2026-06-16 16:37:34 [INFO] Processing: match_0f4c3acc-ce3f-4414-86de-d00330aa7a12.pdf
2026-06-16 16:37:34 [INFO] Successfully ingested match metadata and 23 player records from match_0f4c3acc-ce3f-4414-86de-d00330aa7a12.pdf.
2026-06-16 16:37:34 [INFO] Processing: match_1378c6c7-e734-47eb-8c36-f6197e675794.pdf
2026-06-16 16:37:34 [INFO] Successfully ingested match metadata and 22 player records from match_1378c6c7-e734-47eb-8c36-f6197e675794.pdf.
2026-06-16 16:37:34 [INFO] Processing: match_17f02183-a9b7-44c2-ad56-e7b427fd46e0.pdf
2026-06-16 16:37:34 [INFO] Successfully ingested match metadata and 24 player records from match_17f02183-a9b7-44c2-ad56-e7b427fd46e0.pdf.
2026-06-16 16:37:34 [INFO] Processing: match_1c781c25-78ca-45db-aee9-ae46fa03cfc1.pdf
2026-06-16 16:37:34 [INFO] Successfully ingested match metadata and 25 player records from match_1c781c25-78ca-45db-aee9-ae46fa03cfc1.pdf.
2026-06-16 16:37:34 [INFO] Processing: match_1dc0ff2e-22ae-41a9-8593-1b948fddadff.pdf
2026-06-16 16:37:35 [INFO] Successfully ingested match metadata and 25 player records from match_1dc0ff2e-22ae-41a9-8593-1b948fddadff.pdf.
2026-06-16 16:37:35 [INFO] Processing: match_27bf502e-8d0b-4c5c-af91-6bd65e687b5a.pdf
2026-06-16 16:37:35 [INFO] Successfully ingested match metadata and 24 player records from match_27bf502e-8d0b-4c5c-af91-6bd65e687b5a.pdf.
2026-06-16 16:37:35 [INFO] Processing: match_303af715-83c1-42e9-b3cd-8a35d07ee798.pdf
2026-06-16 16:37:35 [INFO] Successfully ingested match metadata and 20 player records from match_303af715-83c1-42e9-b3cd-8a35d07ee798.pdf.
2026-06-16 16:37:35 [INFO] Processing: match_30ecad89-f7af-419a-b3d6-e9d958bbddde.pdf
2026-06-16 16:37:35 [INFO] Successfully ingested match metadata and 27 player records from match_30ecad89-f7af-419a-b3d6-e9d958bbddde.pdf.
2026-06-16 16:37:35 [INFO] Processing: match_383bc151-f1ad-4876-8d8d-519778525017.pdf
2026-06-16 16:37:35 [INFO] Successfully ingested match metadata and 26 player records from match_383bc151-f1ad-4876-8d8d-519778525017.pdf.
2026-06-16 16:37:35 [INFO] Processing: match_38c0aa81-745a-4a00-a0fb-f53af3e27c35.pdf
2026-06-16 16:37:35 [INFO] Successfully ingested match metadata and 20 player records from match_38c0aa81-745a-4a00-a0fb-f53af3e27c35.pdf.
2026-06-16 16:37:35 [INFO] Processing: match_414c119a-0ecf-4e6f-a27c-be99d8a8784d.pdf
2026-06-16 16:37:35 [INFO] Successfully ingested match metadata and 21 player records from match_414c119a-0ecf-4e6f-a27c-be99d8a8784d.pdf.
2026-06-16 16:37:35 [INFO] Processing: match_46037d1a-aaac-4529-8ee5-e334f7577679.pdf
2026-06-16 16:37:35 [INFO] Successfully ingested match metadata and 25 player records from match_46037d1a-aaac-4529-8ee5-e334f7577679.pdf.
2026-06-16 16:37:35 [INFO] Processing: match_48d0a14d-b64e-4178-91e2-7ca5da92f85d.pdf
2026-06-16 16:37:35 [INFO] Successfully ingested match metadata and 23 player records from match_48d0a14d-b64e-4178-91e2-7ca5da92f85d.pdf.
2026-06-16 16:37:35 [INFO] Processing: match_4b76b51f-0886-42cd-8d6c-105f34a09a29.pdf
2026-06-16 16:37:35 [INFO] Successfully ingested match metadata and 21 player records from match_4b76b51f-0886-42cd-8d6c-105f34a09a29.pdf.
2026-06-16 16:37:35 [INFO] Processing: match_4ba567b9-b6c7-455b-b8ff-73b061ac2213.pdf
2026-06-16 16:37:35 [INFO] Successfully ingested match metadata and 22 player records from match_4ba567b9-b6c7-455b-b8ff-73b061ac2213.pdf.
2026-06-16 16:37:35 [INFO] Processing: match_4f1dc849-0941-4e4f-9888-4eadebffdacc.pdf
2026-06-16 16:37:35 [INFO] Successfully ingested match metadata and 19 player records from match_4f1dc849-0941-4e4f-9888-4eadebffdacc.pdf.
2026-06-16 16:37:35 [INFO] Processing: match_5491c233-e329-48db-bd7a-7a9e9b485b44.pdf
2026-06-16 16:37:35 [INFO] Successfully ingested match metadata and 20 player records from match_5491c233-e329-48db-bd7a-7a9e9b485b44.pdf.
2026-06-16 16:37:35 [INFO] Processing: match_56b66715-9c32-4fc2-a3b1-a18c2b48328d.pdf
2026-06-16 16:37:35 [INFO] Successfully ingested match metadata and 25 player records from match_56b66715-9c32-4fc2-a3b1-a18c2b48328d.pdf.
2026-06-16 16:37:35 [INFO] Processing: match_58dce57a-5606-4c60-991e-4dc85ebe0556.pdf
2026-06-16 16:37:35 [INFO] Successfully ingested match metadata and 24 player records from match_58dce57a-5606-4c60-991e-4dc85ebe0556.pdf.
2026-06-16 16:37:35 [INFO] Processing: match_653e8509-2e5b-4b02-a34e-ced9d48312f0.pdf
2026-06-16 16:37:35 [INFO] Successfully ingested match metadata and 25 player records from match_653e8509-2e5b-4b02-a34e-ced9d48312f0.pdf.
2026-06-16 16:37:35 [INFO] Processing: match_68df03af-0918-4dc5-a3d6-3a57723d2aef.pdf
2026-06-16 16:37:35 [INFO] Successfully ingested match metadata and 21 player records from match_68df03af-0918-4dc5-a3d6-3a57723d2aef.pdf.
2026-06-16 16:37:35 [INFO] Processing: match_6af6ab7a-9c18-4617-a847-1ef54b63283d.pdf
2026-06-16 16:37:35 [INFO] Successfully ingested match metadata and 24 player records from match_6af6ab7a-9c18-4617-a847-1ef54b63283d.pdf.
2026-06-16 16:37:35 [INFO] Processing: match_6d251c6d-6680-4dea-ba1c-85c37679276e.pdf
2026-06-16 16:37:35 [INFO] Successfully ingested match metadata and 20 player records from match_6d251c6d-6680-4dea-ba1c-85c37679276e.pdf.
2026-06-16 16:37:35 [INFO] Processing: match_76e7d043-af13-4087-8313-cbe727a99f56.pdf
2026-06-16 16:37:35 [INFO] Successfully ingested match metadata and 24 player records from match_76e7d043-af13-4087-8313-cbe727a99f56.pdf.
2026-06-16 16:37:35 [INFO] Processing: match_7e2a2a2f-242e-4b5c-98c9-9952d501550d.pdf
2026-06-16 16:37:35 [INFO] Successfully ingested match metadata and 23 player records from match_7e2a2a2f-242e-4b5c-98c9-9952d501550d.pdf.
2026-06-16 16:37:35 [INFO] Processing: match_819673c0-978e-48a7-8d85-6c5f3e41f4b4.pdf
2026-06-16 16:37:35 [INFO] Successfully ingested match metadata and 25 player records from match_819673c0-978e-48a7-8d85-6c5f3e41f4b4.pdf.
2026-06-16 16:37:35 [INFO] Processing: match_85a8bc02-11b2-4a6f-9295-6f4db0ccb46d.pdf
2026-06-16 16:37:35 [INFO] Successfully ingested match metadata and 26 player records from match_85a8bc02-11b2-4a6f-9295-6f4db0ccb46d.pdf.
2026-06-16 16:37:35 [INFO] Processing: match_8ac3623f-1e7d-4352-a2dc-172c46c891a0.pdf
2026-06-16 16:37:35 [INFO] Successfully ingested match metadata and 28 player records from match_8ac3623f-1e7d-4352-a2dc-172c46c891a0.pdf.
2026-06-16 16:37:35 [INFO] Processing: match_8de77a4b-30bb-4a12-b1cd-14558231c2d3.pdf
2026-06-16 16:37:35 [INFO] Successfully ingested match metadata and 24 player records from match_8de77a4b-30bb-4a12-b1cd-14558231c2d3.pdf.
2026-06-16 16:37:35 [INFO] Processing: match_8f537b24-397f-4bf9-864d-c87f0555f680.pdf
2026-06-16 16:37:35 [INFO] Successfully ingested match metadata and 22 player records from match_8f537b24-397f-4bf9-864d-c87f0555f680.pdf.
2026-06-16 16:37:35 [INFO] Processing: match_8fbf0edf-4b29-4c8a-8d77-9f705cc45c3f.pdf
2026-06-16 16:37:35 [INFO] Successfully ingested match metadata and 26 player records from match_8fbf0edf-4b29-4c8a-8d77-9f705cc45c3f.pdf.
2026-06-16 16:37:35 [INFO] Processing: match_934d0d7a-5dad-4a91-9adb-5a04966ed0be.pdf
2026-06-16 16:37:35 [INFO] Successfully ingested match metadata and 24 player records from match_934d0d7a-5dad-4a91-9adb-5a04966ed0be.pdf.
2026-06-16 16:37:35 [INFO] Processing: match_935f2493-4100-466e-b2fd-d81928fe4146.pdf
2026-06-16 16:37:35 [INFO] Successfully ingested match metadata and 21 player records from match_935f2493-4100-466e-b2fd-d81928fe4146.pdf.
2026-06-16 16:37:35 [INFO] Processing: match_97b9e724-2d02-425d-9643-c872a66c2602.pdf
2026-06-16 16:37:35 [INFO] Successfully ingested match metadata and 22 player records from match_97b9e724-2d02-425d-9643-c872a66c2602.pdf.
2026-06-16 16:37:35 [INFO] Processing: match_a8595dc7-f1fd-4bf4-81b5-1854a0d9e733.pdf
2026-06-16 16:37:35 [INFO] Successfully ingested match metadata and 22 player records from match_a8595dc7-f1fd-4bf4-81b5-1854a0d9e733.pdf.
2026-06-16 16:37:35 [INFO] Processing: match_aa5d87d3-c058-4c0c-87df-6fa3a12ef2c5.pdf
2026-06-16 16:37:35 [INFO] Successfully ingested match metadata and 22 player records from match_aa5d87d3-c058-4c0c-87df-6fa3a12ef2c5.pdf.
2026-06-16 16:37:35 [INFO] Processing: match_accff988-8c75-4604-806b-422ed18d2241.pdf
2026-06-16 16:37:35 [INFO] Successfully ingested match metadata and 27 player records from match_accff988-8c75-4604-806b-422ed18d2241.pdf.
2026-06-16 16:37:35 [INFO] Processing: match_be23a034-0d51-4c98-bc4f-7c5943419620.pdf
2026-06-16 16:37:35 [INFO] Successfully ingested match metadata and 28 player records from match_be23a034-0d51-4c98-bc4f-7c5943419620.pdf.
2026-06-16 16:37:35 [INFO] Processing: match_c0123599-61b9-4396-ad73-4ec1b1371465.pdf
2026-06-16 16:37:35 [INFO] Successfully ingested match metadata and 24 player records from match_c0123599-61b9-4396-ad73-4ec1b1371465.pdf.
2026-06-16 16:37:35 [INFO] Processing: match_c9af010f-9d52-4ae0-b9d1-d9f90cac66e4.pdf
2026-06-16 16:37:35 [INFO] Successfully ingested match metadata and 23 player records from match_c9af010f-9d52-4ae0-b9d1-d9f90cac66e4.pdf.
2026-06-16 16:37:35 [INFO] Processing: match_cac5a016-e98e-47bf-87e3-f8b56a197824.pdf
2026-06-16 16:37:36 [INFO] Successfully ingested match metadata and 21 player records from match_cac5a016-e98e-47bf-87e3-f8b56a197824.pdf.
2026-06-16 16:37:36 [INFO] Processing: match_d0fea0ad-7e96-475e-922a-3987ddbb4d73.pdf
2026-06-16 16:37:36 [INFO] Successfully ingested match metadata and 26 player records from match_d0fea0ad-7e96-475e-922a-3987ddbb4d73.pdf.
2026-06-16 16:37:36 [INFO] Processing: match_d63da4eb-93ac-4142-ac71-990f06952d1e.pdf
2026-06-16 16:37:36 [INFO] Successfully ingested match metadata and 27 player records from match_d63da4eb-93ac-4142-ac71-990f06952d1e.pdf.
2026-06-16 16:37:36 [INFO] Processing: match_d6d7bc9c-b8f7-4136-b856-fef86be53ac7.pdf
2026-06-16 16:37:36 [INFO] Successfully ingested match metadata and 23 player records from match_d6d7bc9c-b8f7-4136-b856-fef86be53ac7.pdf.
2026-06-16 16:37:36 [INFO] Processing: match_d707e928-254b-4a41-9ff4-42b332ffcc8c.pdf
2026-06-16 16:37:36 [INFO] Successfully ingested match metadata and 21 player records from match_d707e928-254b-4a41-9ff4-42b332ffcc8c.pdf.
2026-06-16 16:37:36 [INFO] Processing: match_d89e9c3e-2a0a-4d09-b930-96cd18ad6ffa.pdf
2026-06-16 16:37:36 [INFO] Successfully ingested match metadata and 25 player records from match_d89e9c3e-2a0a-4d09-b930-96cd18ad6ffa.pdf.
2026-06-16 16:37:36 [INFO] Processing: match_ddd0789a-a4ed-4475-9013-e0ce01546016.pdf
2026-06-16 16:37:36 [INFO] Successfully ingested match metadata and 27 player records from match_ddd0789a-a4ed-4475-9013-e0ce01546016.pdf.
2026-06-16 16:37:36 [INFO] Processing: match_dfbb7232-d2bb-4045-9649-4c9e919a8dd6.pdf
2026-06-16 16:37:36 [INFO] Successfully ingested match metadata and 21 player records from match_dfbb7232-d2bb-4045-9649-4c9e919a8dd6.pdf.
2026-06-16 16:37:36 [INFO] Processing: match_e50aa9b5-019c-47dd-a55d-fd49012fc227.pdf
2026-06-16 16:37:36 [INFO] Successfully ingested match metadata and 23 player records from match_e50aa9b5-019c-47dd-a55d-fd49012fc227.pdf.
2026-06-16 16:37:36 [INFO] Processing: match_e5f3ebba-7097-4130-8c78-0bbee06cb99c.pdf
2026-06-16 16:37:36 [INFO] Successfully ingested match metadata and 28 player records from match_e5f3ebba-7097-4130-8c78-0bbee06cb99c.pdf.
2026-06-16 16:37:36 [INFO] Processing: match_f7bf15fb-988e-4efe-8016-6ea571eae078.pdf
2026-06-16 16:37:36 [INFO] Successfully ingested match metadata and 19 player records from match_f7bf15fb-988e-4efe-8016-6ea571eae078.pdf.
2026-06-16 16:37:36 [INFO] Processing: match_f7fb2c69-c509-4a0c-999f-d298a16562be.pdf
2026-06-16 16:37:36 [INFO] Successfully ingested match metadata and 28 player records from match_f7fb2c69-c509-4a0c-999f-d298a16562be.pdf.
2026-06-16 16:37:36 [INFO] Processing: match_ff63b4f9-07c1-4c0d-84f9-111fc1e65098.pdf
2026-06-16 16:37:36 [INFO] Successfully ingested match metadata and 24 player records from match_ff63b4f9-07c1-4c0d-84f9-111fc1e65098.pdf.
2026-06-16 16:37:36 [INFO] Processing: match_ff845bcb-1656-4339-9813-bb8d99e5c623.pdf
2026-06-16 16:37:36 [INFO] Successfully ingested match metadata and 25 player records from match_ff845bcb-1656-4339-9813-bb8d99e5c623.pdf.
2026-06-16 16:37:36 [INFO] Database ingestion pipeline complete.
